<?xml version="1.0" encoding="UTF-8"?>
<!-- Generated by org.testng.reporters.JUnitXMLReporter -->
<testsuite ignored="0" hostname="DESKTOP-TI919J8" failures="0" tests="2" name="Default test" time="123.131" errors="0" timestamp="2022-02-01T11:51:32 IST">
  <testcase classname="com.vtiger.comcast.contacttest.ContactTest" name="createContactTest" time="44.821"/>
  <testcase classname="com.vtiger.comcast.contacttest.ContactTest" name="createContactwithorganizationTest" time="33.675"/>
</testsuite> <!-- Default test -->
