<?xml version="1.0" encoding="UTF-8"?>
<!-- Generated by org.testng.reporters.JUnitXMLReporter -->
<testsuite ignored="0" hostname="DESKTOP-TI919J8" failures="0" tests="2" name="TestRunner-2" time="158.044" errors="0" timestamp="2022-01-21T19:07:46 IST">
  <testcase classname="com.vtiger.comcast.contacttest.Contact" name="createContactTest" time="56.746"/>
  <testcase classname="com.vtiger.comcast.contacttest.Contact" name="createContactwithorganizationTest" time="34.414"/>
</testsuite> <!-- TestRunner-2 -->
