<?xml version="1.0" encoding="UTF-8"?>
<!-- Generated by org.testng.reporters.JUnitXMLReporter -->
<testsuite ignored="0" hostname="DESKTOP-TI919J8" failures="0" tests="4" name="Test" time="246.788" errors="0" timestamp="2022-01-29T13:48:46 IST">
  <testcase classname="com.vtiger.comcast.contacttest.ContactTest" name="createContactTest" time="80.613"/>
  <testcase classname="com.vtiger.comcast.contacttest.ContactTest" name="createContactwithorganizationTest" time="30.18"/>
  <testcase classname="com.vtiger.comcast.organiaztiontest.OrganizationTest" name="createOrgTest" time="25.941"/>
  <testcase classname="com.vtiger.comcast.organiaztiontest.OrganizationTest" name="createOrgWithIndutriesTest" time="19.041"/>
</testsuite> <!-- Test -->
