<?xml version="1.0" encoding="UTF-8"?>
<!-- Generated by org.testng.reporters.JUnitXMLReporter -->
<testsuite ignored="0" hostname="DESKTOP-TI919J8" failures="0" tests="2" name="TestRunner-1" time="137.671" errors="0" timestamp="2022-01-21T19:07:26 IST">
  <testcase classname="com.vtiger.comcast.organiaztiontest.Organization" name="createOrgTest" time="56.757"/>
  <testcase classname="com.vtiger.comcast.organiaztiontest.Organization" name="createOrgWithIndutriesTest" time="21.193"/>
</testsuite> <!-- TestRunner-1 -->
