<?xml version="1.0" encoding="UTF-8"?>
<!-- Generated by org.testng.reporters.JUnitXMLReporter -->
<testsuite ignored="2" hostname="DESKTOP-TI919J8" failures="0" tests="2" name="Test1" time="65.43" errors="0" timestamp="2022-01-21T16:32:36 IST">
  <testcase classname="com.vtiger.comcast.contacttest.Contact" name="createContactTest" time="20.626"/>
  <testcase classname="com.vtiger.comcast.organiaztiontest.Organization" name="createOrgTest" time="19.455"/>
  <testcase classname="com.vtiger.comcast.organiaztiontest.Organization" name="createOrgWithIndutriesTest" time="0.0">
    <ignored/>
  </testcase> <!-- createOrgWithIndutriesTest -->
  <testcase classname="com.vtiger.comcast.contacttest.Contact" name="createContactwithorganizationTest" time="0.0">
    <ignored/>
  </testcase> <!-- createContactwithorganizationTest -->
</testsuite> <!-- Test1 -->
