<?xml version="1.0" encoding="UTF-8"?>
<!-- Generated by org.testng.reporters.JUnitXMLReporter -->
<testsuite ignored="0" hostname="DESKTOP-TI919J8" failures="1" tests="2" name="Test" time="75.857" errors="0" timestamp="2022-01-24T10:26:07 IST">
  <testcase classname="com.vtiger.comcast.organiaztiontest.Organization" name="createOrgTest" time="34.371"/>
  <testcase classname="com.vtiger.comcast.organiaztiontest.Organization" name="createOrgWithIndutriesTest" time="6.61">
    <failure type="java.lang.AssertionError" message="expected [true] but found [false]">
      <![CDATA[java.lang.AssertionError: expected [true] but found [false]
at com.vtiger.comcast.organiaztiontest.Organization.createOrgWithIndutriesTest(Organization.java:82)
at java.base/java.util.ArrayList.forEach(ArrayList.java:1511)
... Removed 33 stack frames]]>
    </failure>
  </testcase> <!-- createOrgWithIndutriesTest -->
</testsuite> <!-- Test -->
