<?xml version="1.0" encoding="UTF-8"?>
<!-- Generated by org.testng.reporters.JUnitXMLReporter -->
<testsuite ignored="2" hostname="DESKTOP-TI919J8" failures="0" tests="2" name="Test" time="56.115" errors="0" timestamp="2022-01-21T18:22:27 IST">
  <testcase classname="com.vtiger.comcast.contacttest.Contact" name="createContactTest" time="13.207"/>
  <testcase classname="com.vtiger.comcast.organiaztiontest.Organization" name="createOrgTest" time="18.157"/>
  <testcase classname="com.vtiger.comcast.organiaztiontest.Organization" name="createOrgWithIndutriesTest" time="0.0">
    <ignored/>
  </testcase> <!-- createOrgWithIndutriesTest -->
  <testcase classname="com.vtiger.comcast.contacttest.Contact" name="createContactwithorganizationTest" time="0.0">
    <ignored/>
  </testcase> <!-- createContactwithorganizationTest -->
</testsuite> <!-- Test -->
