<?xml version="1.0" encoding="UTF-8"?>
<testng-results ignored="0" total="2" passed="2" failed="0" skipped="0">
  <reporter-output>
  </reporter-output>
  <suite started-at="2022-02-01T11:49:29 IST" name="Default suite" finished-at="2022-02-01T11:51:32 IST" duration-ms="123131">
    <groups>
      <group name="regression testing">
        <method signature="ContactTest.createContactwithorganizationTest()[pri:0, instance:com.vtiger.comcast.contacttest.ContactTest@7b9a4292]" name="createContactwithorganizationTest" class="com.vtiger.comcast.contacttest.ContactTest"/>
      </group> <!-- regression testing -->
      <group name="smoke testing">
        <method signature="ContactTest.createContactTest()[pri:0, instance:com.vtiger.comcast.contacttest.ContactTest@7b9a4292]" name="createContactTest" class="com.vtiger.comcast.contacttest.ContactTest"/>
      </group> <!-- smoke testing -->
    </groups>
    <test started-at="2022-02-01T11:49:29 IST" name="Default test" finished-at="2022-02-01T11:51:32 IST" duration-ms="123131">
      <class name="com.vtiger.comcast.contacttest.ContactTest">
        <test-method is-config="true" signature="configBC()[pri:0, instance:com.vtiger.comcast.contacttest.ContactTest@7b9a4292]" started-at="2022-02-01T11:49:29 IST" name="configBC" finished-at="2022-02-01T11:49:40 IST" duration-ms="11478" status="PASS">
          <reporter-output>
          </reporter-output>
        </test-method> <!-- configBC -->
        <test-method is-config="true" signature="configBM()[pri:0, instance:com.vtiger.comcast.contacttest.ContactTest@7b9a4292]" started-at="2022-02-01T11:49:40 IST" name="configBM" finished-at="2022-02-01T11:49:59 IST" duration-ms="18869" status="PASS">
          <reporter-output>
          </reporter-output>
        </test-method> <!-- configBM -->
        <test-method signature="createContactTest()[pri:0, instance:com.vtiger.comcast.contacttest.ContactTest@7b9a4292]" started-at="2022-02-01T11:49:59 IST" name="createContactTest" finished-at="2022-02-01T11:50:44 IST" duration-ms="44821" status="PASS">
          <reporter-output>
          </reporter-output>
        </test-method> <!-- createContactTest -->
        <test-method is-config="true" signature="configAM()[pri:0, instance:com.vtiger.comcast.contacttest.ContactTest@7b9a4292]" started-at="2022-02-01T11:50:44 IST" name="configAM" finished-at="2022-02-01T11:50:52 IST" duration-ms="8183" status="PASS">
          <reporter-output>
          </reporter-output>
        </test-method> <!-- configAM -->
        <test-method is-config="true" signature="configBM()[pri:0, instance:com.vtiger.comcast.contacttest.ContactTest@7b9a4292]" started-at="2022-02-01T11:50:52 IST" name="configBM" finished-at="2022-02-01T11:50:56 IST" duration-ms="3570" status="PASS">
          <reporter-output>
          </reporter-output>
        </test-method> <!-- configBM -->
        <test-method signature="createContactwithorganizationTest()[pri:0, instance:com.vtiger.comcast.contacttest.ContactTest@7b9a4292]" started-at="2022-02-01T11:50:56 IST" name="createContactwithorganizationTest" finished-at="2022-02-01T11:51:29 IST" duration-ms="33675" status="PASS">
          <reporter-output>
          </reporter-output>
        </test-method> <!-- createContactwithorganizationTest -->
        <test-method is-config="true" signature="configAM()[pri:0, instance:com.vtiger.comcast.contacttest.ContactTest@7b9a4292]" started-at="2022-02-01T11:51:29 IST" name="configAM" finished-at="2022-02-01T11:51:31 IST" duration-ms="1952" status="PASS">
          <reporter-output>
          </reporter-output>
        </test-method> <!-- configAM -->
        <test-method is-config="true" signature="configAC()[pri:0, instance:com.vtiger.comcast.contacttest.ContactTest@7b9a4292]" started-at="2022-02-01T11:51:31 IST" name="configAC" finished-at="2022-02-01T11:51:32 IST" duration-ms="455" status="PASS">
          <reporter-output>
          </reporter-output>
        </test-method> <!-- configAC -->
      </class> <!-- com.vtiger.comcast.contacttest.ContactTest -->
    </test> <!-- Default test -->
  </suite> <!-- Default suite -->
</testng-results>
